This is pdfTeX, Version 3.141592653-2.6-1.40.27 (TeX Live 2026/dev/Arch Linux) (preloaded format=pdflatex 2026.1.14)  23 FEB 2026 22:14
entering extended mode
 restricted \write18 enabled.
 %&-line parsing enabled.
**res.tex
(./res.tex
LaTeX2e <2024-11-01> patch level 2
L3 programming layer <2025-01-18>
(/usr/share/texmf-dist/tex/latex/base/article.cls
Document Class: article 2024/06/29 v1.4n Standard LaTeX document class
(/usr/share/texmf-dist/tex/latex/base/size10.clo
File: size10.clo 2024/06/29 v1.4n Standard LaTeX file (size option)
)
\c@part=\count196
\c@section=\count197
\c@subsection=\count198
\c@subsubsection=\count199
\c@paragraph=\count266
\c@subparagraph=\count267
\c@figure=\count268
\c@table=\count269
\abovecaptionskip=\skip49
\belowcaptionskip=\skip50
\bibindent=\dimen141
)
(/usr/share/texmf-dist/tex/latex/base/inputenc.sty
Package: inputenc 2024/02/08 v1.3d Input encoding file
\inpenc@prehook=\toks17
\inpenc@posthook=\toks18
)
(/usr/share/texmf-dist/tex/latex/graphics/graphicx.sty
Package: graphicx 2021/09/16 v1.2d Enhanced LaTeX Graphics (DPC,SPQR)

(/usr/share/texmf-dist/tex/latex/graphics/keyval.sty
Package: keyval 2022/05/29 v1.15 key=value parser (DPC)
\KV@toks@=\toks19
)
(/usr/share/texmf-dist/tex/latex/graphics/graphics.sty
Package: graphics 2024/08/06 v1.4g Standard LaTeX Graphics (DPC,SPQR)

(/usr/share/texmf-dist/tex/latex/graphics/trig.sty
Package: trig 2023/12/02 v1.11 sin cos tan (DPC)
)
(/usr/share/texmf-dist/tex/latex/graphics-cfg/graphics.cfg
File: graphics.cfg 2016/06/04 v1.11 sample graphics configuration
)
Package graphics Info: Driver file: pdftex.def on input line 106.

(/usr/share/texmf-dist/tex/latex/graphics-def/pdftex.def
File: pdftex.def 2024/04/13 v1.2c Graphics/color driver for pdftex
))
\Gin@req@height=\dimen142
\Gin@req@width=\dimen143
)
(/usr/share/texmf-dist/tex/latex/caption/caption.sty
Package: caption 2023/08/05 v3.6o Customizing captions (AR)

(/usr/share/texmf-dist/tex/latex/caption/caption3.sty
Package: caption3 2023/07/31 v2.4d caption3 kernel (AR)
\caption@tempdima=\dimen144
\captionmargin=\dimen145
\caption@leftmargin=\dimen146
\caption@rightmargin=\dimen147
\caption@width=\dimen148
\caption@indent=\dimen149
\caption@parindent=\dimen150
\caption@hangindent=\dimen151
Package caption Info: Standard document class detected.
)
\c@caption@flags=\count270
\c@continuedfloat=\count271
)
(/usr/share/texmf-dist/tex/latex/l3backend/l3backend-pdftex.def
File: l3backend-pdftex.def 2024-05-08 L3 backend support: PDF output (pdfTeX)
\l__color_backend_stack_int=\count272
\l__pdf_internal_box=\box52
) (./res.aux)
\openout1 = `res.aux'.

LaTeX Font Info:    Checking defaults for OML/cmm/m/it on input line 6.
LaTeX Font Info:    ... okay on input line 6.
LaTeX Font Info:    Checking defaults for OMS/cmsy/m/n on input line 6.
LaTeX Font Info:    ... okay on input line 6.
LaTeX Font Info:    Checking defaults for OT1/cmr/m/n on input line 6.
LaTeX Font Info:    ... okay on input line 6.
LaTeX Font Info:    Checking defaults for T1/cmr/m/n on input line 6.
LaTeX Font Info:    ... okay on input line 6.
LaTeX Font Info:    Checking defaults for TS1/cmr/m/n on input line 6.
LaTeX Font Info:    ... okay on input line 6.
LaTeX Font Info:    Checking defaults for OMX/cmex/m/n on input line 6.
LaTeX Font Info:    ... okay on input line 6.
LaTeX Font Info:    Checking defaults for U/cmr/m/n on input line 6.
LaTeX Font Info:    ... okay on input line 6.

(/usr/share/texmf-dist/tex/context/base/mkii/supp-pdf.mkii
[Loading MPS to PDF converter (version 2006.09.02).]
\scratchcounter=\count273
\scratchdimen=\dimen152
\scratchbox=\box53
\nofMPsegments=\count274
\nofMParguments=\count275
\everyMPshowfont=\toks20
\MPscratchCnt=\count276
\MPscratchDim=\dimen153
\MPnumerator=\count277
\makeMPintoPDFobject=\count278
\everyMPtoPDFconversion=\toks21
) (/usr/share/texmf-dist/tex/latex/epstopdf-pkg/epstopdf-base.sty
Package: epstopdf-base 2020-01-24 v2.11 Base part for package epstopdf
Package epstopdf-base Info: Redefining graphics rule for `.eps' on input line 4
85.

(/usr/share/texmf-dist/tex/latex/latexconfig/epstopdf-sys.cfg
File: epstopdf-sys.cfg 2010/07/13 v1.3 Configuration of (r)epstopdf for TeX Liv
e
))
Package caption Info: Begin \AtBeginDocument code.
Package caption Info: End \AtBeginDocument code.
<ran_bin1.png, id=1, 987.2082pt x 489.2679pt>
File: ran_bin1.png Graphic file (type png)
<use ran_bin1.png>
Package pdftex.def Info: ran_bin1.png  used on input line 13.
(pdftex.def)             Requested size: 241.49895pt x 119.68877pt.
<ran_bin2.png, id=3, 987.2082pt x 489.2679pt>
File: ran_bin2.png Graphic file (type png)
<use ran_bin2.png>
Package pdftex.def Info: ran_bin2.png  used on input line 17.
(pdftex.def)             Requested size: 241.49895pt x 119.68877pt.
<ran_bin2_0c.png, id=4, 987.2082pt x 489.2679pt>
File: ran_bin2_0c.png Graphic file (type png)
<use ran_bin2_0c.png>
Package pdftex.def Info: ran_bin2_0c.png  used on input line 21.
(pdftex.def)             Requested size: 241.49895pt x 119.68877pt.
<ran_bin5.png, id=5, 987.2082pt x 489.2679pt>
File: ran_bin5.png Graphic file (type png)
<use ran_bin5.png>
Package pdftex.def Info: ran_bin5.png  used on input line 25.
(pdftex.def)             Requested size: 241.49895pt x 119.68877pt.
<ran_bin10.png, id=6, 987.2082pt x 489.2679pt>
File: ran_bin10.png Graphic file (type png)
<use ran_bin10.png>
Package pdftex.def Info: ran_bin10.png  used on input line 29.
(pdftex.def)             Requested size: 241.49895pt x 119.68877pt.
<ran_10kste_100ksam.png, id=7, 987.2082pt x 489.2679pt>
File: ran_10kste_100ksam.png Graphic file (type png)
<use ran_10kste_100ksam.png>
Package pdftex.def Info: ran_10kste_100ksam.png  used on input line 34.
(pdftex.def)             Requested size: 241.49895pt x 119.68877pt.
<ran_100kste_100ksam.png, id=8, 987.2082pt x 489.2679pt>
File: ran_100kste_100ksam.png Graphic file (type png)
<use ran_100kste_100ksam.png>
Package pdftex.def Info: ran_100kste_100ksam.png  used on input line 38.
(pdftex.def)             Requested size: 241.49895pt x 119.68877pt.
<sum_binp5.png, id=9, 987.2082pt x 489.2679pt>
File: sum_binp5.png Graphic file (type png)
<use sum_binp5.png>
Package pdftex.def Info: sum_binp5.png  used on input line 43.
(pdftex.def)             Requested size: 241.49895pt x 119.68877pt.
<sum_bin1.png, id=10, 987.2082pt x 489.2679pt>
File: sum_bin1.png Graphic file (type png)
<use sum_bin1.png>
Package pdftex.def Info: sum_bin1.png  used on input line 47.
(pdftex.def)             Requested size: 241.49895pt x 119.68877pt.
<sum_bin2.png, id=11, 987.2082pt x 489.2679pt>
File: sum_bin2.png Graphic file (type png)
<use sum_bin2.png>
Package pdftex.def Info: sum_bin2.png  used on input line 51.
(pdftex.def)             Requested size: 241.49895pt x 119.68877pt.
<sum_bin10.png, id=12, 987.2082pt x 489.2679pt>
File: sum_bin10.png Graphic file (type png)
<use sum_bin10.png>
Package pdftex.def Info: sum_bin10.png  used on input line 55.
(pdftex.def)             Requested size: 241.49895pt x 119.68877pt.
<sum_comp.png, id=13, 987.2082pt x 489.2679pt>
File: sum_comp.png Graphic file (type png)
<use sum_comp.png>
Package pdftex.def Info: sum_comp.png  used on input line 59.
(pdftex.def)             Requested size: 241.49895pt x 119.68877pt.


LaTeX Warning: Float too large for page by 1271.26537pt on input line 61.



[1

{/var/lib/texmf/fonts/map/pdftex/updmap/pdftex.map}]

[2 <./ran_bin1.png> <./ran_bin2.png> <./ran_bin2_0c.png> <./ran_bin5.png> <./ra
n_bin10.png> <./ran_10kste_100ksam.png> <./ran_100kste_100ksam.png> <./sum_binp
5.png> <./sum_bin1.png> <./sum_bin2.png> <./sum_bin10.png> <./sum_comp.png>]
(./res.aux)
 ***********
LaTeX2e <2024-11-01> patch level 2
L3 programming layer <2025-01-18>
 ***********
 ) 
Here is how much of TeX's memory you used:
 2743 strings out of 475171
 48918 string characters out of 5767095
 436449 words of memory out of 5000000
 25777 multiletter control sequences out of 15000+600000
 559442 words of font info for 38 fonts, out of 8000000 for 9000
 14 hyphenation exceptions out of 8191
 57i,6n,65p,217b,304s stack positions out of 10000i,1000n,20000p,200000b,200000s
</usr/share/texmf-dist/fonts/type1/public/amsfonts/cm/cmbx12.pfb></usr/share/
texmf-dist/fonts/type1/public/amsfonts/cm/cmr10.pfb>
Output written on res.pdf (2 pages, 466295 bytes).
PDF statistics:
 46 PDF objects out of 1000 (max. 8388607)
 13 compressed objects within 1 object stream
 0 named destinations out of 1000 (max. 500000)
 61 words of extra memory for PDF output out of 10000 (max. 10000000)

