This is pdfTeX, Version 3.141592653-2.6-1.40.27 (TeX Live 2026/dev/Arch Linux) (preloaded format=pdflatex 2026.1.14)  12 MAR 2026 13:08
entering extended mode
 restricted \write18 enabled.
 %&-line parsing enabled.
**combine.tex
(./combine.tex
LaTeX2e <2024-11-01> patch level 2
L3 programming layer <2025-01-18>
(/usr/share/texmf-dist/tex/latex/base/article.cls
Document Class: article 2024/06/29 v1.4n Standard LaTeX document class
(/usr/share/texmf-dist/tex/latex/base/size10.clo
File: size10.clo 2024/06/29 v1.4n Standard LaTeX file (size option)
)
\c@part=\count196
\c@section=\count197
\c@subsection=\count198
\c@subsubsection=\count199
\c@paragraph=\count266
\c@subparagraph=\count267
\c@figure=\count268
\c@table=\count269
\abovecaptionskip=\skip49
\belowcaptionskip=\skip50
\bibindent=\dimen141
)
(/usr/share/texmf-dist/tex/latex/graphics/graphicx.sty
Package: graphicx 2021/09/16 v1.2d Enhanced LaTeX Graphics (DPC,SPQR)

(/usr/share/texmf-dist/tex/latex/graphics/keyval.sty
Package: keyval 2022/05/29 v1.15 key=value parser (DPC)
\KV@toks@=\toks17
)
(/usr/share/texmf-dist/tex/latex/graphics/graphics.sty
Package: graphics 2024/08/06 v1.4g Standard LaTeX Graphics (DPC,SPQR)

(/usr/share/texmf-dist/tex/latex/graphics/trig.sty
Package: trig 2023/12/02 v1.11 sin cos tan (DPC)
)
(/usr/share/texmf-dist/tex/latex/graphics-cfg/graphics.cfg
File: graphics.cfg 2016/06/04 v1.11 sample graphics configuration
)
Package graphics Info: Driver file: pdftex.def on input line 106.

(/usr/share/texmf-dist/tex/latex/graphics-def/pdftex.def
File: pdftex.def 2024/04/13 v1.2c Graphics/color driver for pdftex
))
\Gin@req@height=\dimen142
\Gin@req@width=\dimen143
)
(/usr/share/texmf-dist/tex/latex/geometry/geometry.sty
Package: geometry 2020/01/02 v5.9 Page Geometry

(/usr/share/texmf-dist/tex/generic/iftex/ifvtex.sty
Package: ifvtex 2019/10/25 v1.7 ifvtex legacy package. Use iftex instead.

(/usr/share/texmf-dist/tex/generic/iftex/iftex.sty
Package: iftex 2024/12/12 v1.0g TeX engine tests
))
\Gm@cnth=\count270
\Gm@cntv=\count271
\c@Gm@tempcnt=\count272
\Gm@bindingoffset=\dimen144
\Gm@wd@mp=\dimen145
\Gm@odd@mp=\dimen146
\Gm@even@mp=\dimen147
\Gm@layoutwidth=\dimen148
\Gm@layoutheight=\dimen149
\Gm@layouthoffset=\dimen150
\Gm@layoutvoffset=\dimen151
\Gm@dimlist=\toks18
)
(/usr/share/texmf-dist/tex/latex/l3backend/l3backend-pdftex.def
File: l3backend-pdftex.def 2024-05-08 L3 backend support: PDF output (pdfTeX)
\l__color_backend_stack_int=\count273
\l__pdf_internal_box=\box52
) (./combine.aux)
\openout1 = `combine.aux'.

LaTeX Font Info:    Checking defaults for OML/cmm/m/it on input line 6.
LaTeX Font Info:    ... okay on input line 6.
LaTeX Font Info:    Checking defaults for OMS/cmsy/m/n on input line 6.
LaTeX Font Info:    ... okay on input line 6.
LaTeX Font Info:    Checking defaults for OT1/cmr/m/n on input line 6.
LaTeX Font Info:    ... okay on input line 6.
LaTeX Font Info:    Checking defaults for T1/cmr/m/n on input line 6.
LaTeX Font Info:    ... okay on input line 6.
LaTeX Font Info:    Checking defaults for TS1/cmr/m/n on input line 6.
LaTeX Font Info:    ... okay on input line 6.
LaTeX Font Info:    Checking defaults for OMX/cmex/m/n on input line 6.
LaTeX Font Info:    ... okay on input line 6.
LaTeX Font Info:    Checking defaults for U/cmr/m/n on input line 6.
LaTeX Font Info:    ... okay on input line 6.
 (/usr/share/texmf-dist/tex/context/base/mkii/supp-pdf.mkii
[Loading MPS to PDF converter (version 2006.09.02).]
\scratchcounter=\count274
\scratchdimen=\dimen152
\scratchbox=\box53
\nofMPsegments=\count275
\nofMParguments=\count276
\everyMPshowfont=\toks19
\MPscratchCnt=\count277
\MPscratchDim=\dimen153
\MPnumerator=\count278
\makeMPintoPDFobject=\count279
\everyMPtoPDFconversion=\toks20
) (/usr/share/texmf-dist/tex/latex/epstopdf-pkg/epstopdf-base.sty
Package: epstopdf-base 2020-01-24 v2.11 Base part for package epstopdf
Package epstopdf-base Info: Redefining graphics rule for `.eps' on input line 4
85.

(/usr/share/texmf-dist/tex/latex/latexconfig/epstopdf-sys.cfg
File: epstopdf-sys.cfg 2010/07/13 v1.3 Configuration of (r)epstopdf for TeX Liv
e
))
*geometry* driver: auto-detecting
*geometry* detected driver: pdftex
*geometry* verbose mode - [ preamble ] result:
* driver: pdftex
* paper: a4paper
* layout: <same size as paper>
* layoutoffset:(h,v)=(0.0pt,0.0pt)
* modes: 
* h-part:(L,W,R)=(14.22636pt, 569.05515pt, 14.22636pt)
* v-part:(T,H,B)=(14.22636pt, 816.59412pt, 14.22636pt)
* \paperwidth=597.50787pt
* \paperheight=845.04684pt
* \textwidth=569.05515pt
* \textheight=816.59412pt
* \oddsidemargin=-58.04362pt
* \evensidemargin=-58.04362pt
* \topmargin=-95.04362pt
* \headheight=12.0pt
* \headsep=25.0pt
* \topskip=10.0pt
* \footskip=30.0pt
* \marginparwidth=65.0pt
* \marginparsep=11.0pt
* \columnsep=10.0pt
* \skip\footins=9.0pt plus 4.0pt minus 2.0pt
* \hoffset=0.0pt
* \voffset=0.0pt
* \mag=1000
* \@twocolumnfalse
* \@twosidefalse
* \@mparswitchfalse
* \@reversemarginfalse
* (1in=72.27pt=25.4mm, 1cm=28.453pt)

<Figure_1.png, id=1, 987.2082pt x 484.209pt>
File: Figure_1.png Graphic file (type png)
<use Figure_1.png>
Package pdftex.def Info: Figure_1.png  used on input line 14.
(pdftex.def)             Requested size: 278.84164pt x 136.76712pt.
<Figure_2.png, id=3, 987.2082pt x 484.209pt>
File: Figure_2.png Graphic file (type png)
<use Figure_2.png>
Package pdftex.def Info: Figure_2.png  used on input line 15.
(pdftex.def)             Requested size: 278.84164pt x 136.76712pt.
<Figure_3.png, id=4, 987.2082pt x 484.209pt>
File: Figure_3.png Graphic file (type png)
<use Figure_3.png>
Package pdftex.def Info: Figure_3.png  used on input line 17.
(pdftex.def)             Requested size: 569.05629pt x 279.11252pt.


[1{/var/lib/texmf/fonts/map/pdftex/updmap/pdftex.map} <./Figure_1.png> <./Figur
e_2.png> <./Figure_3.png>]
File: Figure_3.png Graphic file (type png)
<use Figure_3.png>
Package pdftex.def Info: Figure_3.png  used on input line 27.
(pdftex.def)             Requested size: 278.84164pt x 136.76712pt.
<Figure_4.png, id=14, 987.2082pt x 484.209pt>
File: Figure_4.png Graphic file (type png)
<use Figure_4.png>
Package pdftex.def Info: Figure_4.png  used on input line 28.
(pdftex.def)             Requested size: 278.84164pt x 136.76712pt.
<Figure_5.png, id=15, 987.2082pt x 484.209pt>
File: Figure_5.png Graphic file (type png)
<use Figure_5.png>
Package pdftex.def Info: Figure_5.png  used on input line 30.
(pdftex.def)             Requested size: 569.05629pt x 279.11252pt.


[2 <./Figure_4.png> <./Figure_5.png>]
<Figure_6.png, id=21, 987.2082pt x 489.2679pt>
File: Figure_6.png Graphic file (type png)
<use Figure_6.png>
Package pdftex.def Info: Figure_6.png  used on input line 40.
(pdftex.def)             Requested size: 569.05629pt x 282.02861pt.


[3 <./Figure_6.png>]
<Figure_7.png, id=26, 987.2082pt x 484.209pt>
File: Figure_7.png Graphic file (type png)
<use Figure_7.png>
Package pdftex.def Info: Figure_7.png  used on input line 50.
(pdftex.def)             Requested size: 278.84164pt x 136.76712pt.
<Figure_8.png, id=27, 987.2082pt x 484.209pt>
File: Figure_8.png Graphic file (type png)
<use Figure_8.png>
Package pdftex.def Info: Figure_8.png  used on input line 51.
(pdftex.def)             Requested size: 278.84164pt x 136.76712pt.
<Figure_9.png, id=28, 987.2082pt x 484.209pt>
File: Figure_9.png Graphic file (type png)
<use Figure_9.png>
Package pdftex.def Info: Figure_9.png  used on input line 53.
(pdftex.def)             Requested size: 278.84164pt x 136.76712pt.
<Figure_10.png, id=29, 987.2082pt x 484.209pt>
File: Figure_10.png Graphic file (type png)
<use Figure_10.png>
Package pdftex.def Info: Figure_10.png  used on input line 54.
(pdftex.def)             Requested size: 278.84164pt x 136.76712pt.
<Figure_11.png, id=30, 987.2082pt x 484.209pt>
File: Figure_11.png Graphic file (type png)
<use Figure_11.png>
Package pdftex.def Info: Figure_11.png  used on input line 56.
(pdftex.def)             Requested size: 532.78322pt x 261.3212pt.


[4 <./Figure_7.png> <./Figure_8.png> <./Figure_9.png> <./Figure_10.png> <./Figu
re_11.png>]
<Figure_12.png, id=39, 987.2082pt x 489.2679pt>
File: Figure_12.png Graphic file (type png)
<use Figure_12.png>
Package pdftex.def Info: Figure_12.png  used on input line 66.
(pdftex.def)             Requested size: 278.84164pt x 138.19603pt.
<Figure_13.png, id=40, 987.2082pt x 489.2679pt>
File: Figure_13.png Graphic file (type png)
<use Figure_13.png>
Package pdftex.def Info: Figure_13.png  used on input line 67.
(pdftex.def)             Requested size: 278.84164pt x 138.19603pt.
<Figure_14.png, id=41, 987.2082pt x 489.2679pt>
File: Figure_14.png Graphic file (type png)
<use Figure_14.png>
Package pdftex.def Info: Figure_14.png  used on input line 69.
(pdftex.def)             Requested size: 569.05629pt x 282.02861pt.


[5 <./Figure_12.png> <./Figure_13.png> <./Figure_14.png>]
<Figure_15.png, id=48, 987.2082pt x 484.209pt>
File: Figure_15.png Graphic file (type png)
<use Figure_15.png>
Package pdftex.def Info: Figure_15.png  used on input line 80.
(pdftex.def)             Requested size: 569.05629pt x 279.11252pt.
<Figure_16.png, id=49, 987.2082pt x 489.2679pt>
File: Figure_16.png Graphic file (type png)
<use Figure_16.png>
Package pdftex.def Info: Figure_16.png  used on input line 82.
(pdftex.def)             Requested size: 569.05629pt x 282.02861pt.


[6 <./Figure_15.png> <./Figure_16.png>]
<Figure_17.png, id=55, 987.2082pt x 489.2679pt>
File: Figure_17.png Graphic file (type png)
<use Figure_17.png>
Package pdftex.def Info: Figure_17.png  used on input line 91.
(pdftex.def)             Requested size: 569.05629pt x 282.02861pt.


[7 <./Figure_17.png>]
<Figure_18.png, id=61, 987.2082pt x 484.209pt>
File: Figure_18.png Graphic file (type png)
<use Figure_18.png>
Package pdftex.def Info: Figure_18.png  used on input line 97.
(pdftex.def)             Requested size: 569.05629pt x 279.11252pt.


[8 <./Figure_18.png>]
<Figure_19.png, id=66, 987.2082pt x 489.2679pt>
File: Figure_19.png Graphic file (type png)
<use Figure_19.png>
Package pdftex.def Info: Figure_19.png  used on input line 103.
(pdftex.def)             Requested size: 569.05629pt x 282.02861pt.


[9 <./Figure_19.png>]
<Figure_20.png, id=71, 987.2082pt x 489.2679pt>
File: Figure_20.png Graphic file (type png)
<use Figure_20.png>
Package pdftex.def Info: Figure_20.png  used on input line 109.
(pdftex.def)             Requested size: 569.05629pt x 282.02861pt.


[10 <./Figure_20.png>] (./combine.aux)
 ***********
LaTeX2e <2024-11-01> patch level 2
L3 programming layer <2025-01-18>
 ***********
 ) 
Here is how much of TeX's memory you used:
 1970 strings out of 475171
 31608 string characters out of 5767095
 419405 words of memory out of 5000000
 25004 multiletter control sequences out of 15000+600000
 558837 words of font info for 36 fonts, out of 8000000 for 9000
 14 hyphenation exceptions out of 8191
 57i,6n,65p,228b,239s stack positions out of 10000i,1000n,20000p,200000b,200000s
</usr/share/texmf-dist/fonts/type1/public/amsfonts/cm/cmr10.pfb>
Output written on combine.pdf (10 pages, 1311290 bytes).
PDF statistics:
 83 PDF objects out of 1000 (max. 8388607)
 28 compressed objects within 1 object stream
 0 named destinations out of 1000 (max. 500000)
 101 words of extra memory for PDF output out of 10000 (max. 10000000)

